[INFO] Scanning for projects...
[INFO] 
[INFO] ----------------< com.example:completed-media-library >-----------------
[INFO] Building completed-media-library 0.0.1-SNAPSHOT
[INFO]   from pom.xml
[INFO] --------------------------------[ jar ]---------------------------------
[INFO] 
[INFO] >>> spring-boot:3.3.5:run (default-cli) > test-compile @ completed-media-library >>>
[INFO] 
[INFO] --- resources:3.3.1:resources (default-resources) @ completed-media-library ---
[INFO] Copying 1 resource from src/main/resources to target/classes
[INFO] Copying 1 resource from src/main/resources to target/classes
[INFO] 
[INFO] --- compiler:3.13.0:compile (default-compile) @ completed-media-library ---
[INFO] Recompiling the module because of changed source code.
[INFO] Compiling 8 source files with javac [debug parameters release 23] to target/classes
[INFO] 
[INFO] --- resources:3.3.1:testResources (default-testResources) @ completed-media-library ---
[INFO] skip non existing resourceDirectory /Users/lucasleitz/Desktop/SpringProjects/completed-media-library/src/test/resources
[INFO] 
[INFO] --- compiler:3.13.0:testCompile (default-testCompile) @ completed-media-library ---
[INFO] Recompiling the module because of changed dependency.
[INFO] Compiling 1 source file with javac [debug parameters release 23] to target/test-classes
[INFO] 
[INFO] <<< spring-boot:3.3.5:run (default-cli) < test-compile @ completed-media-library <<<
[INFO] 
[INFO] 
[INFO] --- spring-boot:3.3.5:run (default-cli) @ completed-media-library ---
[INFO] Attaching agents: []

  .   ____          _            __ _ _
 /\\ / ___'_ __ _ _(_)_ __  __ _ \ \ \ \
( ( )\___ | '_ | '_| | '_ \/ _` | \ \ \ \
 \\/  ___)| |_)| | | | | || (_| |  ) ) ) )
  '  |____| .__|_| |_|_| |_\__, | / / / /
 =========|_|==============|___/=/_/_/_/

 :: Spring Boot ::                (v3.3.5)

2024-11-15T14:28:19.566-05:00  INFO 14092 --- [           main] c.e.c.CompletedMediaLibraryApplication   : Starting CompletedMediaLibraryApplication using Java 23.0.1 with PID 14092 (/Users/lucasleitz/Desktop/SpringProjects/completed-media-library/target/classes started by lucasleitz in /Users/lucasleitz/Desktop/SpringProjects/completed-media-library)
2024-11-15T14:28:19.568-05:00  INFO 14092 --- [           main] c.e.c.CompletedMediaLibraryApplication   : No active profile set, falling back to 1 default profile: "default"
2024-11-15T14:28:19.753-05:00  INFO 14092 --- [           main] .s.d.r.c.RepositoryConfigurationDelegate : Bootstrapping Spring Data JPA repositories in DEFAULT mode.
2024-11-15T14:28:19.768-05:00  INFO 14092 --- [           main] .s.d.r.c.RepositoryConfigurationDelegate : Finished Spring Data repository scanning in 12 ms. Found 1 JPA repository interface.
2024-11-15T14:28:19.914-05:00  INFO 14092 --- [           main] o.s.b.w.embedded.tomcat.TomcatWebServer  : Tomcat initialized with port 8080 (http)
2024-11-15T14:28:19.918-05:00  INFO 14092 --- [           main] o.apache.catalina.core.StandardService   : Starting service [Tomcat]
2024-11-15T14:28:19.919-05:00  INFO 14092 --- [           main] o.apache.catalina.core.StandardEngine    : Starting Servlet engine: [Apache Tomcat/10.1.31]
2024-11-15T14:28:19.934-05:00  INFO 14092 --- [           main] o.a.c.c.C.[Tomcat].[localhost].[/]       : Initializing Spring embedded WebApplicationContext
2024-11-15T14:28:19.935-05:00  INFO 14092 --- [           main] w.s.c.ServletWebServerApplicationContext : Root WebApplicationContext: initialization completed in 346 ms
2024-11-15T14:28:19.979-05:00  INFO 14092 --- [           main] o.hibernate.jpa.internal.util.LogHelper  : HHH000204: Processing PersistenceUnitInfo [name: default]
2024-11-15T14:28:19.997-05:00  INFO 14092 --- [           main] org.hibernate.Version                    : HHH000412: Hibernate ORM core version 6.5.3.Final
2024-11-15T14:28:20.005-05:00  INFO 14092 --- [           main] o.h.c.internal.RegionFactoryInitiator    : HHH000026: Second-level cache disabled
2024-11-15T14:28:20.079-05:00  INFO 14092 --- [           main] o.s.o.j.p.SpringPersistenceUnitInfo      : No LoadTimeWeaver setup: ignoring JPA class transformer
2024-11-15T14:28:20.086-05:00  INFO 14092 --- [           main] com.zaxxer.hikari.HikariDataSource       : HikariPool-1 - Starting...
2024-11-15T14:28:20.142-05:00  INFO 14092 --- [           main] com.zaxxer.hikari.pool.HikariPool        : HikariPool-1 - Added connection com.mysql.cj.jdbc.ConnectionImpl@1d283d1
2024-11-15T14:28:20.142-05:00  INFO 14092 --- [           main] com.zaxxer.hikari.HikariDataSource       : HikariPool-1 - Start completed.
2024-11-15T14:28:20.157-05:00  WARN 14092 --- [           main] org.hibernate.orm.deprecation            : HHH90000025: MySQL8Dialect does not need to be specified explicitly using 'hibernate.dialect' (remove the property setting and it will be selected by default)
2024-11-15T14:28:20.157-05:00  WARN 14092 --- [           main] org.hibernate.orm.deprecation            : HHH90000026: MySQL8Dialect has been deprecated; use org.hibernate.dialect.MySQLDialect instead
2024-11-15T14:28:20.361-05:00  INFO 14092 --- [           main] o.h.e.t.j.p.i.JtaPlatformInitiator       : HHH000489: No JTA platform available (set 'hibernate.transaction.jta.platform' to enable JTA platform integration)
2024-11-15T14:28:20.378-05:00  INFO 14092 --- [           main] j.LocalContainerEntityManagerFactoryBean : Initialized JPA EntityManagerFactory for persistence unit 'default'
2024-11-15T14:28:20.455-05:00  WARN 14092 --- [           main] JpaBaseConfiguration$JpaWebConfiguration : spring.jpa.open-in-view is enabled by default. Therefore, database queries may be performed during view rendering. Explicitly configure spring.jpa.open-in-view to disable this warning
2024-11-15T14:28:20.546-05:00  INFO 14092 --- [           main] o.s.b.w.embedded.tomcat.TomcatWebServer  : Tomcat started on port 8080 (http) with context path '/'
2024-11-15T14:28:20.549-05:00  INFO 14092 --- [           main] c.e.c.CompletedMediaLibraryApplication   : Started CompletedMediaLibraryApplication in 1.093 seconds (process running for 1.229)
2024-11-15T14:28:22.753-05:00  INFO 14092 --- [nio-8080-exec-1] o.a.c.c.C.[Tomcat].[localhost].[/]       : Initializing Spring DispatcherServlet 'dispatcherServlet'
2024-11-15T14:28:22.753-05:00  INFO 14092 --- [nio-8080-exec-1] o.s.web.servlet.DispatcherServlet        : Initializing Servlet 'dispatcherServlet'
2024-11-15T14:28:22.754-05:00  INFO 14092 --- [nio-8080-exec-1] o.s.web.servlet.DispatcherServlet        : Completed initialization in 1 ms
Hibernate: select vg1_0.id,vg1_0.completed_date,vg1_0.image_url,vg1_0.platform,vg1_0.title from video_games vg1_0
Hibernate: select count(*) from video_games vg1_0 where vg1_0.id=?
Hibernate: select vg1_0.id,vg1_0.completed_date,vg1_0.image_url,vg1_0.platform,vg1_0.title from video_games vg1_0 where vg1_0.id=?
Hibernate: delete from video_games where id=?
Hibernate: select count(*) from video_games vg1_0 where vg1_0.id=?
Hibernate: select vg1_0.id,vg1_0.completed_date,vg1_0.image_url,vg1_0.platform,vg1_0.title from video_games vg1_0 where vg1_0.id=?
Hibernate: delete from video_games where id=?
Hibernate: insert into video_games (completed_date,image_url,platform,title) values (?,?,?,?)
Completed Date in Controller: 2024-11-05
Hibernate: select vg1_0.id,vg1_0.completed_date,vg1_0.image_url,vg1_0.platform,vg1_0.title from video_games vg1_0
Hibernate: select vg1_0.id,vg1_0.completed_date,vg1_0.image_url,vg1_0.platform,vg1_0.title from video_games vg1_0
Hibernate: select vg1_0.id,vg1_0.completed_date,vg1_0.image_url,vg1_0.platform,vg1_0.title from video_games vg1_0
Hibernate: select vg1_0.id,vg1_0.completed_date,vg1_0.image_url,vg1_0.platform,vg1_0.title from video_games vg1_0
Hibernate: select vg1_0.id,vg1_0.completed_date,vg1_0.image_url,vg1_0.platform,vg1_0.title from video_games vg1_0
Hibernate: select vg1_0.id,vg1_0.completed_date,vg1_0.image_url,vg1_0.platform,vg1_0.title from video_games vg1_0
Hibernate: select vg1_0.id,vg1_0.completed_date,vg1_0.image_url,vg1_0.platform,vg1_0.title from video_games vg1_0
Hibernate: select vg1_0.id,vg1_0.completed_date,vg1_0.image_url,vg1_0.platform,vg1_0.title from video_games vg1_0
Hibernate: select vg1_0.id,vg1_0.completed_date,vg1_0.image_url,vg1_0.platform,vg1_0.title from video_games vg1_0
Hibernate: select vg1_0.id,vg1_0.completed_date,vg1_0.image_url,vg1_0.platform,vg1_0.title from video_games vg1_0
Hibernate: select vg1_0.id,vg1_0.completed_date,vg1_0.image_url,vg1_0.platform,vg1_0.title from video_games vg1_0
Hibernate: insert into video_games (completed_date,image_url,platform,title) values (?,?,?,?)
Completed Date in Controller: 2024-11-15
Hibernate: select vg1_0.id,vg1_0.completed_date,vg1_0.image_url,vg1_0.platform,vg1_0.title from video_games vg1_0
Hibernate: select count(*) from video_games vg1_0 where vg1_0.id=?
Hibernate: select vg1_0.id,vg1_0.completed_date,vg1_0.image_url,vg1_0.platform,vg1_0.title from video_games vg1_0 where vg1_0.id=?
Hibernate: delete from video_games where id=?
Hibernate: select vg1_0.id,vg1_0.completed_date,vg1_0.image_url,vg1_0.platform,vg1_0.title from video_games vg1_0
Hibernate: insert into video_games (completed_date,image_url,platform,title) values (?,?,?,?)
Completed Date in Controller: 2024-11-14
Hibernate: select vg1_0.id,vg1_0.completed_date,vg1_0.image_url,vg1_0.platform,vg1_0.title from video_games vg1_0
Hibernate: insert into video_games (completed_date,image_url,platform,title) values (?,?,?,?)
Completed Date in Controller: 2024-11-13
Hibernate: select vg1_0.id,vg1_0.completed_date,vg1_0.image_url,vg1_0.platform,vg1_0.title from video_games vg1_0
Hibernate: select count(*) from video_games vg1_0 where vg1_0.id=?
Hibernate: select vg1_0.id,vg1_0.completed_date,vg1_0.image_url,vg1_0.platform,vg1_0.title from video_games vg1_0 where vg1_0.id=?
Hibernate: delete from video_games where id=?
Hibernate: select vg1_0.id,vg1_0.completed_date,vg1_0.image_url,vg1_0.platform,vg1_0.title from video_games vg1_0
Hibernate: select vg1_0.id,vg1_0.completed_date,vg1_0.image_url,vg1_0.platform,vg1_0.title from video_games vg1_0
Hibernate: select vg1_0.id,vg1_0.completed_date,vg1_0.image_url,vg1_0.platform,vg1_0.title from video_games vg1_0
Hibernate: insert into video_games (completed_date,image_url,platform,title) values (?,?,?,?)
Completed Date in Controller: 2001-01-01
Hibernate: select vg1_0.id,vg1_0.completed_date,vg1_0.image_url,vg1_0.platform,vg1_0.title from video_games vg1_0
Hibernate: select vg1_0.id,vg1_0.completed_date,vg1_0.image_url,vg1_0.platform,vg1_0.title from video_games vg1_0
Hibernate: select vg1_0.id,vg1_0.completed_date,vg1_0.image_url,vg1_0.platform,vg1_0.title from video_games vg1_0
Hibernate: select vg1_0.id,vg1_0.completed_date,vg1_0.image_url,vg1_0.platform,vg1_0.title from video_games vg1_0
Hibernate: select vg1_0.id,vg1_0.completed_date,vg1_0.image_url,vg1_0.platform,vg1_0.title from video_games vg1_0
Hibernate: select vg1_0.id,vg1_0.completed_date,vg1_0.image_url,vg1_0.platform,vg1_0.title from video_games vg1_0
Hibernate: select vg1_0.id,vg1_0.completed_date,vg1_0.image_url,vg1_0.platform,vg1_0.title from video_games vg1_0
Hibernate: select vg1_0.id,vg1_0.completed_date,vg1_0.image_url,vg1_0.platform,vg1_0.title from video_games vg1_0
Hibernate: select vg1_0.id,vg1_0.completed_date,vg1_0.image_url,vg1_0.platform,vg1_0.title from video_games vg1_0
Hibernate: select vg1_0.id,vg1_0.completed_date,vg1_0.image_url,vg1_0.platform,vg1_0.title from video_games vg1_0
Hibernate: select vg1_0.id,vg1_0.completed_date,vg1_0.image_url,vg1_0.platform,vg1_0.title from video_games vg1_0
Hibernate: select vg1_0.id,vg1_0.completed_date,vg1_0.image_url,vg1_0.platform,vg1_0.title from video_games vg1_0
Hibernate: select vg1_0.id,vg1_0.completed_date,vg1_0.image_url,vg1_0.platform,vg1_0.title from video_games vg1_0
Hibernate: select vg1_0.id,vg1_0.completed_date,vg1_0.image_url,vg1_0.platform,vg1_0.title from video_games vg1_0
Hibernate: select vg1_0.id,vg1_0.completed_date,vg1_0.image_url,vg1_0.platform,vg1_0.title from video_games vg1_0
Hibernate: select vg1_0.id,vg1_0.completed_date,vg1_0.image_url,vg1_0.platform,vg1_0.title from video_games vg1_0
Hibernate: select vg1_0.id,vg1_0.completed_date,vg1_0.image_url,vg1_0.platform,vg1_0.title from video_games vg1_0
Hibernate: select vg1_0.id,vg1_0.completed_date,vg1_0.image_url,vg1_0.platform,vg1_0.title from video_games vg1_0
Hibernate: select vg1_0.id,vg1_0.completed_date,vg1_0.image_url,vg1_0.platform,vg1_0.title from video_games vg1_0
Hibernate: select vg1_0.id,vg1_0.completed_date,vg1_0.image_url,vg1_0.platform,vg1_0.title from video_games vg1_0
Hibernate: select vg1_0.id,vg1_0.completed_date,vg1_0.image_url,vg1_0.platform,vg1_0.title from video_games vg1_0
Hibernate: select vg1_0.id,vg1_0.completed_date,vg1_0.image_url,vg1_0.platform,vg1_0.title from video_games vg1_0
Hibernate: select vg1_0.id,vg1_0.completed_date,vg1_0.image_url,vg1_0.platform,vg1_0.title from video_games vg1_0
Hibernate: select vg1_0.id,vg1_0.completed_date,vg1_0.image_url,vg1_0.platform,vg1_0.title from video_games vg1_0
Hibernate: select vg1_0.id,vg1_0.completed_date,vg1_0.image_url,vg1_0.platform,vg1_0.title from video_games vg1_0
Hibernate: select vg1_0.id,vg1_0.completed_date,vg1_0.image_url,vg1_0.platform,vg1_0.title from video_games vg1_0
Hibernate: select vg1_0.id,vg1_0.completed_date,vg1_0.image_url,vg1_0.platform,vg1_0.title from video_games vg1_0
Hibernate: select vg1_0.id,vg1_0.completed_date,vg1_0.image_url,vg1_0.platform,vg1_0.title from video_games vg1_0
Hibernate: select vg1_0.id,vg1_0.completed_date,vg1_0.image_url,vg1_0.platform,vg1_0.title from video_games vg1_0
Hibernate: select vg1_0.id,vg1_0.completed_date,vg1_0.image_url,vg1_0.platform,vg1_0.title from video_games vg1_0
Hibernate: select vg1_0.id,vg1_0.completed_date,vg1_0.image_url,vg1_0.platform,vg1_0.title from video_games vg1_0
Hibernate: select vg1_0.id,vg1_0.completed_date,vg1_0.image_url,vg1_0.platform,vg1_0.title from video_games vg1_0
Hibernate: select vg1_0.id,vg1_0.completed_date,vg1_0.image_url,vg1_0.platform,vg1_0.title from video_games vg1_0
2024-11-15T15:29:09.097-05:00  INFO 14092 --- [ionShutdownHook] j.LocalContainerEntityManagerFactoryBean : Closing JPA EntityManagerFactory for persistence unit 'default'
2024-11-15T15:29:09.101-05:00  INFO 14092 --- [ionShutdownHook] com.zaxxer.hikari.HikariDataSource       : HikariPool-1 - Shutdown initiated...
2024-11-15T15:29:09.103-05:00  INFO 14092 --- [ionShutdownHook] com.zaxxer.hikari.HikariDataSource       : HikariPool-1 - Shutdown completed.
